#
# A fatal error has been detected by the Java Runtime Environment:
#
#  SIGSEGV (0xb) at pc=0xb76e746f, pid=2055, tid=2219170672
#
# JRE version: 6.0_20-b02
# Java VM: Java HotSpot(TM) Server VM (16.3-b01 mixed mode linux-x86 )
# Problematic frame:
# C  [libc.so.6+0x11346f]
#
# If you would like to submit a bug report, please visit:
#   http://java.sun.com/webapps/bugreport/crash.jsp
# The crash happened outside the Java Virtual Machine in native code.
# See problematic frame for where to report the bug.
#

---------------  T H R E A D  ---------------

Current thread (0x83ef9000):  JavaThread "qtp7576227-23" [_thread_in_native, id=2120, stack(0x8440d000,0x8445e000)]

siginfo:si_signo=SIGSEGV: si_errno=0, si_code=2 (SEGV_ACCERR), si_addr=0x8440d000

Registers:
EAX=0x8440bf40, EBX=0xb770eaf0, ECX=0x00002410, EDX=0x115a3c20
ESP=0x8445a8e4, EBP=0x8445a918, ESI=0x8440bf05, EDI=0x000010a0
EIP=0xb76e746f, CR2=0x8440d000, EFLAGS=0x00210202

Top of Stack: (sp=0x8445a8e4)
0x8445a8e4:   08928120 b69656bc b6960c8b 115a3c10
0x8445a8f4:   8440bf33 00003500 83ef9674 00000000
0x8445a904:   00000000 00003500 b69656bc 0887a2a8
0x8445a914:   00000000 8445a948 b6960efb 08879f78
0x8445a924:   0887a2a8 00000000 b3c04920 a5a5c3f0
0x8445a934:   00000071 7b5e8826 b69656bc 8445a990
0x8445a944:   83ef9110 8445adb8 b69580e9 08879f78
0x8445a954:   8445a990 00000035 00000035 8445a990 

Instructions: (pc=0xb76e746f)
0xb76e745f:   0f 7f 5c 3a f0 72 30 66 0f 6f 54 38 10 83 e9 20
0xb76e746f:   66 0f 6f 5c 38 20 66 0f 6f cb 66 0f 3a 0f da 03 

Stack: [0x8440d000,0x8445e000],  sp=0x8445a8e4,  free space=1368445a270k
Native frames: (J=compiled Java code, j=interpreted, Vv=VM code, C=native code)
C  [libc.so.6+0x11346f]
C  [libzip.so+0xbefb]  ZIP_GetEntry+0x10b
C  [libzip.so+0x30e9]  Java_java_util_zip_ZipFile_getEntry+0xc9
J  java.util.zip.ZipFile.getEntry(JLjava/lang/String;Z)J

Java frames: (J=compiled Java code, j=interpreted, Vv=VM code)
J  java.util.zip.ZipFile.getEntry(JLjava/lang/String;Z)J
J  java.util.jar.JarFile.getEntry(Ljava/lang/String;)Ljava/util/zip/ZipEntry;
J  sun.misc.URLClassPath$JarLoader.findResource(Ljava/lang/String;Z)Ljava/net/URL;
J  sun.misc.URLClassPath.findResource(Ljava/lang/String;Z)Ljava/net/URL;
j  java.net.URLClassLoader$2.run()Ljava/lang/Object;+12
v  ~StubRoutines::call_stub
j  java.security.AccessController.doPrivileged(Ljava/security/PrivilegedAction;Ljava/security/AccessControlContext;)Ljava/lang/Object;+0
j  java.net.URLClassLoader.findResource(Ljava/lang/String;)Ljava/net/URL;+13
j  org.eclipse.jetty.webapp.WebAppClassLoader.getResource(Ljava/lang/String;)Ljava/net/URL;+87
j  java.lang.ClassLoader.getResource(Ljava/lang/String;)Ljava/net/URL;+12
j  java.lang.ClassLoader.getResourceAsStream(Ljava/lang/String;)Ljava/io/InputStream;+2
j  org.apache.jasper.compiler.JDTJavaCompiler$1.findType(Ljava/lang/String;)Lorg/eclipse/jdt/internal/compiler/env/NameEnvironmentAnswer;+79
j  org.apache.jasper.compiler.JDTJavaCompiler$1.findType([C[[C)Lorg/eclipse/jdt/internal/compiler/env/NameEnvironmentAnswer;+124
j  org.eclipse.jdt.internal.compiler.lookup.LookupEnvironment.askForType(Lorg/eclipse/jdt/internal/compiler/lookup/PackageBinding;[C)Lorg/eclipse/jdt/internal/compiler/lookup/ReferenceBinding;+27
j  org.eclipse.jdt.internal.compiler.lookup.PackageBinding.getTypeOrPackage([C)Lorg/eclipse/jdt/internal/compiler/lookup/Binding;+99
j  org.eclipse.jdt.internal.compiler.lookup.CompilationUnitScope.findImport([[CI)Lorg/eclipse/jdt/internal/compiler/lookup/Binding;+41
j  org.eclipse.jdt.internal.compiler.lookup.CompilationUnitScope.findSingleImport([[CIZ)Lorg/eclipse/jdt/internal/compiler/lookup/Binding;+95
j  org.eclipse.jdt.internal.compiler.lookup.CompilationUnitScope.faultInImports()V+470
j  org.eclipse.jdt.internal.compiler.lookup.CompilationUnitScope.faultInTypes()V+1
j  org.eclipse.jdt.internal.compiler.Compiler.process(Lorg/eclipse/jdt/internal/compiler/ast/CompilationUnitDeclaration;I)V+52
j  org.eclipse.jdt.internal.compiler.Compiler.compile([Lorg/eclipse/jdt/internal/compiler/env/ICompilationUnit;)V+304
j  org.apache.jasper.compiler.JDTJavaCompiler.compile(Ljava/lang/String;Lorg/apache/jasper/compiler/Node$Nodes;)[Lorg/apache/jasper/compiler/JavacErrorDetail;+230
j  org.apache.jasper.compiler.Compiler.generateClass()V+362
j  org.apache.jasper.compiler.Compiler.compile(Z)V+46
j  org.apache.jasper.JspCompilationContext.compile()V+28
j  org.apache.jasper.servlet.JspServletWrapper.service(Ljavax/servlet/http/HttpServletRequest;Ljavax/servlet/http/HttpServletResponse;Z)V+108
j  org.apache.jasper.servlet.JspServlet.serviceJspFile(Ljavax/servlet/http/HttpServletRequest;Ljavax/servlet/http/HttpServletResponse;Ljava/lang/String;Ljava/lang/Throwable;Z)V+190
j  org.apache.jasper.servlet.JspServlet.service(Ljavax/servlet/http/HttpServletRequest;Ljavax/servlet/http/HttpServletResponse;)V+427
j  javax.servlet.http.HttpServlet.service(Ljavax/servlet/ServletRequest;Ljavax/servlet/ServletResponse;)V+30
j  org.eclipse.jetty.servlet.ServletHolder.handle(Lorg/eclipse/jetty/server/Request;Ljavax/servlet/ServletRequest;Ljavax/servlet/ServletResponse;)V+172
j  org.eclipse.jetty.servlet.ServletHandler.doHandle(Ljava/lang/String;Lorg/eclipse/jetty/server/Request;Ljavax/servlet/http/HttpServletRequest;Ljavax/servlet/http/HttpServletResponse;)V+141
j  org.eclipse.jetty.server.handler.ScopedHandler.handle(Ljava/lang/String;Lorg/eclipse/jetty/server/Request;Ljavax/servlet/http/HttpServletRequest;Ljavax/servlet/http/HttpServletResponse;)V+25
j  org.eclipse.jetty.security.SecurityHandler.handle(Ljava/lang/String;Lorg/eclipse/jetty/server/Request;Ljavax/servlet/http/HttpServletRequest;Ljavax/servlet/http/HttpServletResponse;)V+549
j  org.eclipse.jetty.server.session.SessionHandler.doHandle(Ljava/lang/String;Lorg/eclipse/jetty/server/Request;Ljavax/servlet/http/HttpServletRequest;Ljavax/servlet/http/HttpServletResponse;)V+68
j  org.eclipse.jetty.server.handler.ContextHandler.doHandle(Ljava/lang/String;Lorg/eclipse/jetty/server/Request;Ljavax/servlet/http/HttpServletRequest;Ljavax/servlet/http/HttpServletResponse;)V+206
j  org.eclipse.jetty.servlet.ServletHandler.doScope(Ljava/lang/String;Lorg/eclipse/jetty/server/Request;Ljavax/servlet/http/HttpServletRequest;Ljavax/servlet/http/HttpServletResponse;)V+267
j  org.eclipse.jetty.server.session.SessionHandler.doScope(Ljava/lang/String;Lorg/eclipse/jetty/server/Request;Ljavax/servlet/http/HttpServletRequest;Ljavax/servlet/http/HttpServletResponse;)V+203
j  org.eclipse.jetty.server.handler.ContextHandler.doScope(Ljava/lang/String;Lorg/eclipse/jetty/server/Request;Ljavax/servlet/http/HttpServletRequest;Ljavax/servlet/http/HttpServletResponse;)V+306
j  org.eclipse.jetty.server.handler.ScopedHandler.handle(Ljava/lang/String;Lorg/eclipse/jetty/server/Request;Ljavax/servlet/http/HttpServletRequest;Ljavax/servlet/http/HttpServletResponse;)V+13
j  org.eclipse.jetty.server.Dispatcher.include(Ljavax/servlet/ServletRequest;Ljavax/servlet/ServletResponse;)V+327
j  org.apache.jasper.runtime.JspRuntimeLibrary.include(Ljavax/servlet/ServletRequest;Ljavax/servlet/ServletResponse;Ljava/lang/String;Ljavax/servlet/jsp/JspWriter;Z)V+45
j  org.apache.jsp.template.template_jsp._jspService(Ljavax/servlet/http/HttpServletRequest;Ljavax/servlet/http/HttpServletResponse;)V+388
j  org.apache.jasper.runtime.HttpJspBase.service(Ljavax/servlet/http/HttpServletRequest;Ljavax/servlet/http/HttpServletResponse;)V+3
j  javax.servlet.http.HttpServlet.service(Ljavax/servlet/ServletRequest;Ljavax/servlet/ServletResponse;)V+30
j  org.apache.jasper.servlet.JspServletWrapper.service(Ljavax/servlet/http/HttpServletRequest;Ljavax/servlet/http/HttpServletResponse;Z)V+199
j  org.apache.jasper.servlet.JspServlet.serviceJspFile(Ljavax/servlet/http/HttpServletRequest;Ljavax/servlet/http/HttpServletResponse;Ljava/lang/String;Ljava/lang/Throwable;Z)V+190
j  org.apache.jasper.servlet.JspServlet.service(Ljavax/servlet/http/HttpServletRequest;Ljavax/servlet/http/HttpServletResponse;)V+427
j  javax.servlet.http.HttpServlet.service(Ljavax/servlet/ServletRequest;Ljavax/servlet/ServletResponse;)V+30
j  org.eclipse.jetty.servlet.ServletHolder.handle(Lorg/eclipse/jetty/server/Request;Ljavax/servlet/ServletRequest;Ljavax/servlet/ServletResponse;)V+172
j  org.eclipse.jetty.servlet.ServletHandler.doHandle(Ljava/lang/String;Lorg/eclipse/jetty/server/Request;Ljavax/servlet/http/HttpServletRequest;Ljavax/servlet/http/HttpServletResponse;)V+141
j  org.eclipse.jetty.server.handler.ScopedHandler.handle(Ljava/lang/String;Lorg/eclipse/jetty/server/Request;Ljavax/servlet/http/HttpServletRequest;Ljavax/servlet/http/HttpServletResponse;)V+25
j  org.eclipse.jetty.security.SecurityHandler.handle(Ljava/lang/String;Lorg/eclipse/jetty/server/Request;Ljavax/servlet/http/HttpServletRequest;Ljavax/servlet/http/HttpServletResponse;)V+549
j  org.eclipse.jetty.server.session.SessionHandler.doHandle(Ljava/lang/String;Lorg/eclipse/jetty/server/Request;Ljavax/servlet/http/HttpServletRequest;Ljavax/servlet/http/HttpServletResponse;)V+68
j  org.eclipse.jetty.server.handler.ContextHandler.doHandle(Ljava/lang/String;Lorg/eclipse/jetty/server/Request;Ljavax/servlet/http/HttpServletRequest;Ljavax/servlet/http/HttpServletResponse;)V+206
j  org.eclipse.jetty.servlet.ServletHandler.doScope(Ljava/lang/String;Lorg/eclipse/jetty/server/Request;Ljavax/servlet/http/HttpServletRequest;Ljavax/servlet/http/HttpServletResponse;)V+267
j  org.eclipse.jetty.server.session.SessionHandler.doScope(Ljava/lang/String;Lorg/eclipse/jetty/server/Request;Ljavax/servlet/http/HttpServletRequest;Ljavax/servlet/http/HttpServletResponse;)V+203
j  org.eclipse.jetty.server.handler.ContextHandler.doScope(Ljava/lang/String;Lorg/eclipse/jetty/server/Request;Ljavax/servlet/http/HttpServletRequest;Ljavax/servlet/http/HttpServletResponse;)V+306
j  org.eclipse.jetty.server.handler.ScopedHandler.handle(Ljava/lang/String;Lorg/eclipse/jetty/server/Request;Ljavax/servlet/http/HttpServletRequest;Ljavax/servlet/http/HttpServletResponse;)V+13
j  org.eclipse.jetty.server.Dispatcher.forward(Ljavax/servlet/ServletRequest;Ljavax/servlet/ServletResponse;Lorg/eclipse/jetty/server/DispatcherType;)V+781
j  org.eclipse.jetty.server.Dispatcher.forward(Ljavax/servlet/ServletRequest;Ljavax/servlet/ServletResponse;)V+6
j  com.sun.jersey.server.impl.container.servlet.RequestDispatcherWrapper.forward(Ljavax/servlet/ServletRequest;Ljavax/servlet/ServletResponse;)V+97
j  com.sun.jersey.server.impl.container.servlet.JSPTemplateProcessor.writeTo(Ljava/lang/String;Lcom/sun/jersey/api/view/Viewable;Ljava/io/OutputStream;)V+90
j  com.sun.jersey.server.impl.container.servlet.JSPTemplateProcessor.writeTo(Ljava/lang/Object;Lcom/sun/jersey/api/view/Viewable;Ljava/io/OutputStream;)V+7
j  com.sun.jersey.spi.template.ResolvedViewable.writeTo(Ljava/io/OutputStream;)V+10
j  com.sun.jersey.server.impl.template.ViewableMessageBodyWriter.writeTo(Lcom/sun/jersey/api/view/Viewable;Ljava/lang/Class;Ljava/lang/reflect/Type;[Ljava/lang/annotation/Annotation;Ljavax/ws/rs/core/MediaType;Ljavax/ws/rs/core/MultivaluedMap;Ljava/io/OutputStream;)V+51
j  com.sun.jersey.server.impl.template.ViewableMessageBodyWriter.writeTo(Ljava/lang/Object;Ljava/lang/Class;Ljava/lang/reflect/Type;[Ljava/lang/annotation/Annotation;Ljavax/ws/rs/core/MediaType;Ljavax/ws/rs/core/MultivaluedMap;Ljava/io/OutputStream;)V+15
j  com.sun.jersey.spi.container.ContainerResponse.write()V+508
j  com.sun.jersey.server.impl.application.WebApplicationImpl._handleRequest(Lcom/sun/jersey/server/impl/application/WebApplicationContext;Lcom/sun/jersey/spi/container/ContainerRequest;Lcom/sun/jersey/spi/container/ContainerResponse;)V+218
j  com.sun.jersey.server.impl.application.WebApplicationImpl.handleRequest(Lcom/sun/jersey/spi/container/ContainerRequest;Lcom/sun/jersey/spi/container/ContainerResponse;)V+23
j  com.sun.jersey.server.impl.application.WebApplicationImpl.handleRequest(Lcom/sun/jersey/spi/container/ContainerRequest;Lcom/sun/jersey/spi/container/ContainerResponseWriter;)V+14
j  com.sun.jersey.spi.container.servlet.WebComponent.service(Ljava/net/URI;Ljava/net/URI;Ljavax/servlet/http/HttpServletRequest;Ljavax/servlet/http/HttpServletResponse;)I+99
j  com.sun.jersey.spi.container.servlet.ServletContainer.service(Ljava/net/URI;Ljava/net/URI;Ljavax/servlet/http/HttpServletRequest;Ljavax/servlet/http/HttpServletResponse;)I+9
j  com.sun.jersey.spi.container.servlet.ServletContainer.doFilter(Ljavax/servlet/http/HttpServletRequest;Ljavax/servlet/http/HttpServletResponse;Ljavax/servlet/FilterChain;Ljava/lang/String;Ljava/lang/String;Ljava/lang/String;)V+100
j  com.sun.jersey.spi.container.servlet.ServletContainer.doFilter(Ljavax/servlet/http/HttpServletRequest;Ljavax/servlet/http/HttpServletResponse;Ljavax/servlet/FilterChain;)V+92
j  com.sun.jersey.spi.container.servlet.ServletContainer.doFilter(Ljavax/servlet/ServletRequest;Ljavax/servlet/ServletResponse;Ljavax/servlet/FilterChain;)V+10
j  org.eclipse.jetty.servlet.ServletHandler$CachedChain.doFilter(Ljavax/servlet/ServletRequest;Ljavax/servlet/ServletResponse;)V+63
j  org.eclipse.jetty.servlet.ServletHandler.doHandle(Ljava/lang/String;Lorg/eclipse/jetty/server/Request;Ljavax/servlet/http/HttpServletRequest;Ljavax/servlet/http/HttpServletResponse;)V+127
j  org.eclipse.jetty.server.handler.ScopedHandler.handle(Ljava/lang/String;Lorg/eclipse/jetty/server/Request;Ljavax/servlet/http/HttpServletRequest;Ljavax/servlet/http/HttpServletResponse;)V+25
j  org.eclipse.jetty.security.SecurityHandler.handle(Ljava/lang/String;Lorg/eclipse/jetty/server/Request;Ljavax/servlet/http/HttpServletRequest;Ljavax/servlet/http/HttpServletResponse;)V+549
j  org.eclipse.jetty.server.session.SessionHandler.doHandle(Ljava/lang/String;Lorg/eclipse/jetty/server/Request;Ljavax/servlet/http/HttpServletRequest;Ljavax/servlet/http/HttpServletResponse;)V+68
j  org.eclipse.jetty.server.handler.ContextHandler.doHandle(Ljava/lang/String;Lorg/eclipse/jetty/server/Request;Ljavax/servlet/http/HttpServletRequest;Ljavax/servlet/http/HttpServletResponse;)V+206
j  org.eclipse.jetty.servlet.ServletHandler.doScope(Ljava/lang/String;Lorg/eclipse/jetty/server/Request;Ljavax/servlet/http/HttpServletRequest;Ljavax/servlet/http/HttpServletResponse;)V+267
j  org.eclipse.jetty.server.session.SessionHandler.doScope(Ljava/lang/String;Lorg/eclipse/jetty/server/Request;Ljavax/servlet/http/HttpServletRequest;Ljavax/servlet/http/HttpServletResponse;)V+203
j  org.eclipse.jetty.server.handler.ContextHandler.doScope(Ljava/lang/String;Lorg/eclipse/jetty/server/Request;Ljavax/servlet/http/HttpServletRequest;Ljavax/servlet/http/HttpServletResponse;)V+306
j  org.eclipse.jetty.server.handler.ScopedHandler.handle(Ljava/lang/String;Lorg/eclipse/jetty/server/Request;Ljavax/servlet/http/HttpServletRequest;Ljavax/servlet/http/HttpServletResponse;)V+13
j  org.eclipse.jetty.server.handler.ContextHandlerCollection.handle(Ljava/lang/String;Lorg/eclipse/jetty/server/Request;Ljavax/servlet/http/HttpServletRequest;Ljavax/servlet/http/HttpServletResponse;)V+399
j  org.eclipse.jetty.server.handler.HandlerCollection.handle(Ljava/lang/String;Lorg/eclipse/jetty/server/Request;Ljavax/servlet/http/HttpServletRequest;Ljavax/servlet/http/HttpServletResponse;)V+42
j  org.eclipse.jetty.server.handler.HandlerWrapper.handle(Ljava/lang/String;Lorg/eclipse/jetty/server/Request;Ljavax/servlet/http/HttpServletRequest;Ljavax/servlet/http/HttpServletResponse;)V+23
j  org.eclipse.jetty.server.Server.handle(Lorg/eclipse/jetty/server/HttpConnection;)V+111
j  org.eclipse.jetty.server.HttpConnection.handleRequest()V+217
j  org.eclipse.jetty.server.HttpConnection$RequestHandler.headerComplete()V+421
J  org.eclipse.jetty.http.HttpParser.parseNext()J
j  org.eclipse.jetty.http.HttpParser.parseAvailable()J+1
j  org.eclipse.jetty.server.HttpConnection.handle()Lorg/eclipse/jetty/io/Connection;+239
j  org.eclipse.jetty.io.nio.SelectChannelEndPoint.run()V+10
j  org.eclipse.jetty.util.thread.QueuedThreadPool$2.run()V+43
j  java.lang.Thread.run()V+11
v  ~StubRoutines::call_stub

---------------  P R O C E S S  ---------------

Java Threads: ( => current thread )
  0x08847000 JavaThread "derby.rawStoreDaemon" daemon [_thread_blocked, id=4644, stack(0x7835e000,0x783af000)]
  0x78404000 JavaThread "com.mchange.v2.async.ThreadPoolAsynchronousRunner$PoolThread-#3" daemon [_thread_blocked, id=4183, stack(0x785c9000,0x7861a000)]
  0x78400800 JavaThread "com.mchange.v2.async.ThreadPoolAsynchronousRunner$PoolThread-#2" daemon [_thread_blocked, id=4182, stack(0x7861a000,0x7866b000)]
  0x78407800 JavaThread "com.mchange.v2.async.ThreadPoolAsynchronousRunner$PoolThread-#1" daemon [_thread_blocked, id=4181, stack(0x787af000,0x78800000)]
  0x78405400 JavaThread "com.mchange.v2.async.ThreadPoolAsynchronousRunner$PoolThread-#0" daemon [_thread_blocked, id=4180, stack(0x7870d000,0x7875e000)]
  0x133e2000 JavaThread "StopJettyPluginMonitor" daemon [_thread_in_native, id=2157, stack(0x782bc000,0x7830d000)]
  0x12430800 JavaThread "Timer-1" daemon [_thread_blocked, id=2143, stack(0x78514000,0x78565000)]
  0x089e8c00 JavaThread "derby.antiGC" daemon [_thread_blocked, id=2142, stack(0x7866b000,0x786bc000)]
  0x088bc000 JavaThread "Timer-0" daemon [_thread_blocked, id=2137, stack(0x78912000,0x78963000)]
  0x091d7c00 JavaThread "HashSessionScavenger-0" daemon [_thread_blocked, id=2135, stack(0x82669000,0x826ba000)]
  0x84831c00 JavaThread "qtp7576227-24" [_thread_blocked, id=2121, stack(0x83caf000,0x83d00000)]
=>0x83ef9000 JavaThread "qtp7576227-23" [_thread_in_native, id=2120, stack(0x8440d000,0x8445e000)]
  0x08874c00 JavaThread "qtp7576227-22" [_thread_blocked, id=2119, stack(0x8445e000,0x844af000)]
  0x08874000 JavaThread "qtp7576227-21" [_thread_blocked, id=2118, stack(0x844af000,0x84500000)]
  0x089ad000 JavaThread "qtp7576227-20" [_thread_blocked, id=2117, stack(0x84615000,0x84666000)]
  0x08c3bc00 JavaThread "qtp7576227-19" [_thread_blocked, id=2116, stack(0x84666000,0x846b7000)]
  0x0863fc00 JavaThread "qtp7576227-18" [_thread_blocked, id=2115, stack(0x846b7000,0x84708000)]
  0x0887b800 JavaThread "qtp7576227-17 - Acceptor0 SelectChannelConnector@0.0.0.0:9090" [_thread_in_native, id=2114, stack(0x84708000,0x84759000)]
  0x08c73c00 JavaThread "pool-1-thread-5" [_thread_blocked, id=2092, stack(0x847af000,0x84800000)]
  0x08e36400 JavaThread "pool-1-thread-4" [_thread_blocked, id=2091, stack(0x8490d000,0x8495e000)]
  0x08917800 JavaThread "pool-1-thread-3" [_thread_blocked, id=2090, stack(0x8495e000,0x849af000)]
  0x08917000 JavaThread "pool-1-thread-2" [_thread_blocked, id=2089, stack(0x849af000,0x84a00000)]
  0x08e49400 JavaThread "pool-1-thread-1" [_thread_blocked, id=2088, stack(0x84b24000,0x84b75000)]
  0x85102400 JavaThread "Low Memory Detector" daemon [_thread_blocked, id=2068, stack(0x84c31000,0x84c82000)]
  0x85100800 JavaThread "CompilerThread1" daemon [_thread_in_native, id=2067, stack(0x84c82000,0x84d03000)]
  0x0860a400 JavaThread "CompilerThread0" daemon [_thread_in_native, id=2066, stack(0x84d03000,0x84d84000)]
  0x08608c00 JavaThread "Signal Dispatcher" daemon [_thread_blocked, id=2065, stack(0x84d84000,0x84dd5000)]
  0x085f7c00 JavaThread "Finalizer" daemon [_thread_blocked, id=2064, stack(0x84e14000,0x84e65000)]
  0x085f3400 JavaThread "Reference Handler" daemon [_thread_blocked, id=2063, stack(0x84e65000,0x84eb6000)]
  0x08553000 JavaThread "main" [_thread_blocked, id=2057, stack(0xb69e1000,0xb6a32000)]

Other Threads:
  0x085f0800 VMThread [stack: 0x84eb6000,0x84f37000] [id=2062]
  0x85104000 WatcherThread [stack: 0x84bb0000,0x84c31000] [id=2069]

VM state:not at safepoint (normal execution)

VM Mutex/Monitor currently owned by a thread: None

Heap
 PSYoungGen      total 7488K, used 4468K [0xa57f0000, 0xa6240000, 0xb3890000)
  eden space 5504K, 45% used [0xa57f0000,0xa5a5f5e0,0xa5d50000)
  from space 1984K, 99% used [0xa5d50000,0xa5f3dab0,0xa5f40000)
  to   space 2240K, 0% used [0xa6010000,0xa6010000,0xa6240000)
 PSOldGen        total 95104K, used 61555K [0x89690000, 0x8f370000, 0xa57f0000)
  object space 95104K, 64% used [0x89690000,0x8d2acc78,0x8f370000)
 PSPermGen       total 37632K, used 37584K [0x85690000, 0x87b50000, 0x89690000)
  object space 37632K, 99% used [0x85690000,0x87b44328,0x87b50000)

Dynamic libraries:
08048000-08052000 r-xp 00000000 08:01 1312104    /opt/jdk1.6.0_20/bin/java
08052000-08053000 rwxp 00009000 08:01 1312104    /opt/jdk1.6.0_20/bin/java
0854d000-14c86000 rwxp 00000000 00:00 0          [heap]
77d00000-77dff000 rwxp 00000000 00:00 0 
77dff000-77e00000 ---p 00000000 00:00 0 
77e00000-77e98000 rwxp 00000000 00:00 0 
77e98000-77f00000 ---p 00000000 00:00 0 
77f00000-77ff9000 rwxp 00000000 00:00 0 
77ff9000-78000000 ---p 00000000 00:00 0 
78000000-780fe000 rwxp 00000000 00:00 0 
780fe000-78100000 ---p 00000000 00:00 0 
78100000-78200000 rwxp 00000000 00:00 0 
782bc000-782bf000 ---p 00000000 00:00 0 
782bf000-7830d000 rwxp 00000000 00:00 0 
7830d000-78310000 ---p 00000000 00:00 0 
78310000-7835e000 rwxp 00000000 00:00 0 
7835e000-78361000 ---p 00000000 00:00 0 
78361000-783af000 rwxp 00000000 00:00 0 
783af000-783b2000 ---p 00000000 00:00 0 
783b2000-78400000 rwxp 00000000 00:00 0 
78400000-78427000 rwxp 00000000 00:00 0 
78427000-78500000 ---p 00000000 00:00 0 
78514000-78517000 ---p 00000000 00:00 0 
78517000-78565000 rwxp 00000000 00:00 0 
78570000-78571000 r-xs 00000000 08:01 3020012    /home/uzzal/NetBeansProjects/smart-user/smart-user-server/src/main/webapp/images/bg_shadow_bot.gif
78571000-78572000 r-xs 00000000 08:01 3016968    /home/uzzal/NetBeansProjects/smart-user/smart-user-server/src/main/webapp/images/bgg.png
78572000-78573000 r-xs 00000000 08:01 3020704    /home/uzzal/NetBeansProjects/smart-user/smart-user-server/src/main/webapp/images/bodybg.jpg
78573000-78574000 r-xs 00000000 08:01 3019010    /home/uzzal/NetBeansProjects/smart-user/smart-user-server/src/main/webapp/script/javascript_1.js
78574000-78575000 r-xs 00000000 08:01 2624777    /home/uzzal/NetBeansProjects/smart-user/smart-user-server/src/main/webapp/css/organization-style.css
78575000-78576000 r-xs 00000000 08:01 2623294    /home/uzzal/NetBeansProjects/smart-user/smart-user-server/src/main/webapp/css/dashboardstyle.css
78577000-78578000 r-xs 00000000 08:01 2624767    /home/uzzal/NetBeansProjects/smart-user/smart-user-server/src/main/webapp/css/style.css
78578000-7857b000 ---p 00000000 00:00 0 
7857b000-785c9000 rwxp 00000000 00:00 0 
785c9000-785cc000 ---p 00000000 00:00 0 
785cc000-7861a000 rwxp 00000000 00:00 0 
7861a000-7861d000 ---p 00000000 00:00 0 
7861d000-7866b000 rwxp 00000000 00:00 0 
7866b000-7866e000 ---p 00000000 00:00 0 
7866e000-786bc000 rwxp 00000000 00:00 0 
786bc000-786bf000 ---p 00000000 00:00 0 
786bf000-7870d000 rwxp 00000000 00:00 0 
7870d000-78710000 ---p 00000000 00:00 0 
78710000-7875e000 rwxp 00000000 00:00 0 
7875e000-78761000 ---p 00000000 00:00 0 
78761000-787af000 rwxp 00000000 00:00 0 
787af000-787b2000 ---p 00000000 00:00 0 
787b2000-78800000 rwxp 00000000 00:00 0 
78800000-78834000 rwxp 00000000 00:00 0 
78834000-78900000 ---p 00000000 00:00 0 
78900000-78907000 r-xp 00000000 08:01 1310774    /opt/jdk1.6.0_20/jre/lib/i386/libnio.so
78907000-78908000 rwxp 00006000 08:01 1310774    /opt/jdk1.6.0_20/jre/lib/i386/libnio.so
78908000-7890f000 r-xs 00111000 08:01 1310865    /opt/jdk1.6.0_20/jre/lib/resources.jar
7890f000-78912000 r-xs 00013000 08:01 1310819    /opt/jdk1.6.0_20/jre/lib/jce.jar
78912000-78915000 ---p 00000000 00:00 0 
78915000-78963000 rwxp 00000000 00:00 0 
78963000-78969000 r-xp 00000000 08:01 1310775    /opt/jdk1.6.0_20/jre/lib/i386/libmanagement.so
78969000-7896a000 rwxp 00005000 08:01 1310775    /opt/jdk1.6.0_20/jre/lib/i386/libmanagement.so
7896a000-7897d000 r-xp 00000000 08:01 1310773    /opt/jdk1.6.0_20/jre/lib/i386/libnet.so
7897d000-7897e000 rwxp 00013000 08:01 1310773    /opt/jdk1.6.0_20/jre/lib/i386/libnet.so
7897e000-78981000 r-xs 000cb000 08:01 1311529    /opt/jdk1.6.0_20/jre/lib/ext/localedata.jar
78981000-7898a000 r-xs 00054000 08:01 3015214    /home/uzzal/.m2/repository/org/springframework/spring-orm/2.5.6/spring-orm-2.5.6.jar
7898a000-78991000 r-xs 00032000 08:01 3015211    /home/uzzal/.m2/repository/org/springframework/spring-tx/2.5.6/spring-tx-2.5.6.jar
78991000-78999000 r-xs 0004a000 08:01 3015208    /home/uzzal/.m2/repository/org/springframework/spring-jdbc/2.5.6/spring-jdbc-2.5.6.jar
78999000-7899d000 r-xs 0001c000 08:01 3015205    /home/uzzal/.m2/repository/org/springframework/spring-dao/2.0.8/spring-dao-2.0.8.jar
7899d000-789a1000 r-xs 00017000 08:01 3015202    /home/uzzal/.m2/repository/org/springframework/spring-hibernate3/2.0.8/spring-hibernate3-2.0.8.jar
789a1000-789a3000 r-xs 00009000 08:01 3015199    /home/uzzal/.m2/repository/com/smartitengineering/smart-dao-queryparam/0.4-SNAPSHOT/smart-dao-queryparam-0.4-SNAPSHOT.jar
789a3000-789a4000 r-xs 00001000 08:01 3015194    /home/uzzal/.m2/repository/com/smartitengineering/smart-abstract-dao/0.4-SNAPSHOT/smart-abstract-dao-0.4-SNAPSHOT.jar
789a4000-789a5000 r-xs 00003000 08:01 2755666    /home/uzzal/.m2/repository/com/smartitengineering/smart-hibernate-abstract-dao/0.4-SNAPSHOT/smart-hibernate-abstract-dao-0.4-SNAPSHOT.jar
789a5000-789b0000 r-xs 0008b000 08:01 2626662    /home/uzzal/.m2/repository/c3p0/c3p0/0.9.1.2/c3p0-0.9.1.2.jar
789b0000-789b6000 r-xs 00067000 08:01 2626675    /home/uzzal/.m2/repository/antlr/antlr/2.7.6/antlr-2.7.6.jar
789b6000-789bb000 r-xs 00048000 08:01 2497446    /home/uzzal/.m2/repository/dom4j/dom4j/1.6.1/dom4j-1.6.1.jar
789bb000-789bd000 r-xs 00001000 08:01 3015188    /home/uzzal/.m2/repository/javax/transaction/jta/1.0.1B/jta-1.0.1B.jar
789bd000-789bf000 r-xs 00001000 08:01 2626659    /home/uzzal/.m2/repository/net/sf/jsr107cache/jsr107cache/1.0/jsr107cache-1.0.jar
789bf000-789c7000 r-xs 00049000 08:01 2626666    /home/uzzal/.m2/repository/backport-util-concurrent/backport-util-concurrent/3.1/backport-util-concurrent-3.1.jar
789c7000-789cc000 r-xs 0003c000 08:01 2626674    /home/uzzal/.m2/repository/net/sf/ehcache/ehcache/1.5.0/ehcache-1.5.0.jar
789cc000-789ee000 r-xs 00215000 08:01 2626686    /home/uzzal/.m2/repository/org/hibernate/hibernate/3.2.7.ga/hibernate-3.2.7.ga.jar
789ee000-789f4000 r-xs 00049000 08:01 2755671    /home/uzzal/.m2/repository/cglib/cglib-nodep/2.2/cglib-nodep-2.2.jar
789f4000-789f6000 r-xs 00003000 08:01 2755679    /home/uzzal/.m2/repository/org/codehaus/jackson/jackson-jaxrs/1.5.3/jackson-jaxrs-1.5.3.jar
789f6000-78a00000 r-xs 0006d000 08:01 2755675    /home/uzzal/.m2/repository/org/codehaus/jackson/jackson-mapper-asl/1.5.3/jackson-mapper-asl-1.5.3.jar
78a00000-78af9000 rwxp 00000000 00:00 0 
78af9000-78b00000 ---p 00000000 00:00 0 
78b00000-78bf9000 rwxp 00000000 00:00 0 
78bf9000-78c00000 ---p 00000000 00:00 0 
78c00000-78cf9000 rwxp 00000000 00:00 0 
78cf9000-78d00000 ---p 00000000 00:00 0 
78d00000-78df9000 rwxp 00000000 00:00 0 
78df9000-78e00000 ---p 00000000 00:00 0 
78e00000-78ef9000 rwxp 00000000 00:00 0 
78ef9000-78f00000 ---p 00000000 00:00 0 
78f00000-78ff9000 rwxp 00000000 00:00 0 
78ff9000-79000000 ---p 00000000 00:00 0 
79000000-790fb000 rwxp 00000000 00:00 0 
790fb000-79100000 ---p 00000000 00:00 0 
79100000-791f9000 rwxp 00000000 00:00 0 
791f9000-79200000 ---p 00000000 00:00 0 
79200000-792f9000 rwxp 00000000 00:00 0 
792f9000-79300000 ---p 00000000 00:00 0 
79300000-793f9000 rwxp 00000000 00:00 0 
793f9000-79400000 ---p 00000000 00:00 0 
79400000-794fa000 rwxp 00000000 00:00 0 
794fa000-79500000 ---p 00000000 00:00 0 
79500000-795fa000 rwxp 00000000 00:00 0 
795fa000-79600000 ---p 00000000 00:00 0 
79600000-796f9000 rwxp 00000000 00:00 0 
796f9000-79700000 ---p 00000000 00:00 0 
79700000-797fa000 rwxp 00000000 00:00 0 
797fa000-79800000 ---p 00000000 00:00 0 
79800000-798fa000 rwxp 00000000 00:00 0 
798fa000-79900000 ---p 00000000 00:00 0 
79900000-799fa000 rwxp 00000000 00:00 0 
799fa000-79a00000 ---p 00000000 00:00 0 
79a00000-79afa000 rwxp 00000000 00:00 0 
79afa000-79b00000 ---p 00000000 00:00 0 
79b00000-79bfa000 rwxp 00000000 00:00 0 
79bfa000-79c00000 ---p 00000000 00:00 0 
79c00000-79dfe000 rwxp 00000000 00:00 0 
79dfe000-79e00000 ---p 00000000 00:00 0 
79e00000-79efa000 rwxp 00000000 00:00 0 
79efa000-79f00000 ---p 00000000 00:00 0 
79f00000-79ffa000 rwxp 00000000 00:00 0 
79ffa000-7a000000 ---p 00000000 00:00 0 
7a000000-7a0fa000 rwxp 00000000 00:00 0 
7a0fa000-7a100000 ---p 00000000 00:00 0 
7a100000-7a1f9000 rwxp 00000000 00:00 0 
7a1f9000-7a200000 ---p 00000000 00:00 0 
7a200000-7a2fa000 rwxp 00000000 00:00 0 
7a2fa000-7a300000 ---p 00000000 00:00 0 
7a300000-7a3fa000 rwxp 00000000 00:00 0 
7a3fa000-7a400000 ---p 00000000 00:00 0 
7a400000-7a5fe000 rwxp 00000000 00:00 0 
7a5fe000-7a600000 ---p 00000000 00:00 0 
7a600000-7a6fa000 rwxp 00000000 00:00 0 
7a6fa000-7a700000 ---p 00000000 00:00 0 
7a700000-7a7fa000 rwxp 00000000 00:00 0 
7a7fa000-7a800000 ---p 00000000 00:00 0 
7a800000-7a8fa000 rwxp 00000000 00:00 0 
7a8fa000-7a900000 ---p 00000000 00:00 0 
7a900000-7a9f9000 rwxp 00000000 00:00 0 
7a9f9000-7aa00000 ---p 00000000 00:00 0 
7aa00000-7aafa000 rwxp 00000000 00:00 0 
7aafa000-7ab00000 ---p 00000000 00:00 0 
7ab00000-7abfa000 rwxp 00000000 00:00 0 
7abfa000-7ac00000 ---p 00000000 00:00 0 
7ac00000-7acf9000 rwxp 00000000 00:00 0 
7acf9000-7ad00000 ---p 00000000 00:00 0 
7ad00000-7adfa000 rwxp 00000000 00:00 0 
7adfa000-7ae00000 ---p 00000000 00:00 0 
7ae00000-7aefa000 rwxp 00000000 00:00 0 
7aefa000-7af00000 ---p 00000000 00:00 0 
7af00000-7affa000 rwxp 00000000 00:00 0 
7affa000-7b000000 ---p 00000000 00:00 0 
7b000000-7b0f9000 rwxp 00000000 00:00 0 
7b0f9000-7b100000 ---p 00000000 00:00 0 
7b100000-7b1fa000 rwxp 00000000 00:00 0 
7b1fa000-7b200000 ---p 00000000 00:00 0 
7b200000-7b2fa000 rwxp 00000000 00:00 0 
7b2fa000-7b300000 ---p 00000000 00:00 0 
7b300000-7b3fa000 rwxp 00000000 00:00 0 
7b3fa000-7b400000 ---p 00000000 00:00 0 
7b400000-7b4fa000 rwxp 00000000 00:00 0 
7b4fa000-7b500000 ---p 00000000 00:00 0 
7b500000-7b5fa000 rwxp 00000000 00:00 0 
7b5fa000-7b600000 ---p 00000000 00:00 0 
7b600000-7b6ff000 rwxp 00000000 00:00 0 
7b6ff000-7b700000 ---p 00000000 00:00 0 
7b700000-7b7fc000 rwxp 00000000 00:00 0 
7b7fc000-7b800000 ---p 00000000 00:00 0 
7b800000-7b8f9000 rwxp 00000000 00:00 0 
7b8f9000-7b900000 ---p 00000000 00:00 0 
7b900000-7b9fa000 rwxp 00000000 00:00 0 
7b9fa000-7ba00000 ---p 00000000 00:00 0 
7ba00000-7bafa000 rwxp 00000000 00:00 0 
7bafa000-7bb00000 ---p 00000000 00:00 0 
7bb00000-7bbfa000 rwxp 00000000 00:00 0 
7bbfa000-7bc00000 ---p 00000000 00:00 0 
7bc00000-7bcfc000 rwxp 00000000 00:00 0 
7bcfc000-7bd00000 ---p 00000000 00:00 0 
7bd00000-7bdf9000 rwxp 00000000 00:00 0 
7bdf9000-7be00000 ---p 00000000 00:00 0 
7be00000-7befd000 rwxp 00000000 00:00 0 
7befd000-7bf00000 ---p 00000000 00:00 0 
7bf00000-7bfff000 rwxp 00000000 00:00 0 
7bfff000-7c000000 ---p 00000000 00:00 0 
7c000000-7c1fc000 rwxp 00000000 00:00 0 
7c1fc000-7c200000 ---p 00000000 00:00 0 
7c200000-7c2fa000 rwxp 00000000 00:00 0 
7c2fa000-7c300000 ---p 00000000 00:00 0 
7c300000-7c3fd000 rwxp 00000000 00:00 0 
7c3fd000-7c400000 ---p 00000000 00:00 0 
7c400000-7c4fa000 rwxp 00000000 00:00 0 
7c4fa000-7c500000 ---p 00000000 00:00 0 
7c500000-7c5f9000 rwxp 00000000 00:00 0 
7c5f9000-7c600000 ---p 00000000 00:00 0 
7c600000-7c6fa000 rwxp 00000000 00:00 0 
7c6fa000-7c700000 ---p 00000000 00:00 0 
7c700000-7c7fa000 rwxp 00000000 00:00 0 
7c7fa000-7c800000 ---p 00000000 00:00 0 
7c800000-7c8f9000 rwxp 00000000 00:00 0 
7c8f9000-7c900000 ---p 00000000 00:00 0 
7c900000-7c9fa000 rwxp 00000000 00:00 0 
7c9fa000-7ca00000 ---p 00000000 00:00 0 
7ca00000-7caf9000 rwxp 00000000 00:00 0 
7caf9000-7cb00000 ---p 00000000 00:00 0 
7cb00000-7cbf9000 rwxp 00000000 00:00 0 
7cbf9000-7cc00000 ---p 00000000 00:00 0 
7cc00000-7ccf9000 rwxp 00000000 00:00 0 
7ccf9000-7cd00000 ---p 00000000 00:00 0 
7cd00000-7cdfb000 rwxp 00000000 00:00 0 
7cdfb000-7ce00000 ---p 00000000 00:00 0 
7ce00000-7ceff000 rwxp 00000000 00:00 0 
7ceff000-7cf00000 ---p 00000000 00:00 0 
7cf00000-7cffc000 rwxp 00000000 00:00 0 
7cffc000-7d000000 ---p 00000000 00:00 0 
7d000000-7d0fb000 rwxp 00000000 00:00 0 
7d0fb000-7d100000 ---p 00000000 00:00 0 
7d100000-7d1ff000 rwxp 00000000 00:00 0 
7d1ff000-7d200000 ---p 00000000 00:00 0 
7d200000-7d2fa000 rwxp 00000000 00:00 0 
7d2fa000-7d300000 ---p 00000000 00:00 0 
7d300000-7d3f9000 rwxp 00000000 00:00 0 
7d3f9000-7d400000 ---p 00000000 00:00 0 
7d400000-7d4fa000 rwxp 00000000 00:00 0 
7d4fa000-7d500000 ---p 00000000 00:00 0 
7d500000-7d5fa000 rwxp 00000000 00:00 0 
7d5fa000-7d600000 ---p 00000000 00:00 0 
7d600000-7d6f9000 rwxp 00000000 00:00 0 
7d6f9000-7d700000 ---p 00000000 00:00 0 
7d700000-7d7fa000 rwxp 00000000 00:00 0 
7d7fa000-7d800000 ---p 00000000 00:00 0 
7d800000-7d8f9000 rwxp 00000000 00:00 0 
7d8f9000-7d900000 ---p 00000000 00:00 0 
7d900000-7d9f9000 rwxp 00000000 00:00 0 
7d9f9000-7da00000 ---p 00000000 00:00 0 
7da00000-7daf9000 rwxp 00000000 00:00 0 
7daf9000-7db00000 ---p 00000000 00:00 0 
7db00000-7dbf9000 rwxp 00000000 00:00 0 
7dbf9000-7dc00000 ---p 00000000 00:00 0 
7dc00000-7dcf9000 rwxp 00000000 00:00 0 
7dcf9000-7dd00000 ---p 00000000 00:00 0 
7dd00000-7ddf9000 rwxp 00000000 00:00 0 
7ddf9000-7de00000 ---p 00000000 00:00 0 
7de00000-7def9000 rwxp 00000000 00:00 0 
7def9000-7df00000 ---p 00000000 00:00 0 
7df00000-7dff9000 rwxp 00000000 00:00 0 
7dff9000-7e000000 ---p 00000000 00:00 0 
7e000000-7e0f9000 rwxp 00000000 00:00 0 
7e0f9000-7e100000 ---p 00000000 00:00 0 
7e100000-7e1f9000 rwxp 00000000 00:00 0 
7e1f9000-7e200000 ---p 00000000 00:00 0 
7e200000-7e2f9000 rwxp 00000000 00:00 0 
7e2f9000-7e300000 ---p 00000000 00:00 0 
7e300000-7e3f9000 rwxp 00000000 00:00 0 
7e3f9000-7e400000 ---p 00000000 00:00 0 
7e400000-7e4f9000 rwxp 00000000 00:00 0 
7e4f9000-7e500000 ---p 00000000 00:00 0 
7e500000-7e5f9000 rwxp 00000000 00:00 0 
7e5f9000-7e600000 ---p 00000000 00:00 0 
7e600000-7e6f9000 rwxp 00000000 00:00 0 
7e6f9000-7e700000 ---p 00000000 00:00 0 
7e700000-7e7f9000 rwxp 00000000 00:00 0 
7e7f9000-7e800000 ---p 00000000 00:00 0 
7e800000-7e8f9000 rwxp 00000000 00:00 0 
7e8f9000-7e900000 ---p 00000000 00:00 0 
7e900000-7e9f9000 rwxp 00000000 00:00 0 
7e9f9000-7ea00000 ---p 00000000 00:00 0 
7ea00000-7eaf9000 rwxp 00000000 00:00 0 
7eaf9000-7eb00000 ---p 00000000 00:00 0 
7eb00000-7ebf9000 rwxp 00000000 00:00 0 
7ebf9000-7ec00000 ---p 00000000 00:00 0 
7ec00000-7ecf9000 rwxp 00000000 00:00 0 
7ecf9000-7ed00000 ---p 00000000 00:00 0 
7ed00000-7edf9000 rwxp 00000000 00:00 0 
7edf9000-7ee00000 ---p 00000000 00:00 0 
7ee00000-7eef9000 rwxp 00000000 00:00 0 
7eef9000-7ef00000 ---p 00000000 00:00 0 
7ef00000-7eff9000 rwxp 00000000 00:00 0 
7eff9000-7f000000 ---p 00000000 00:00 0 
7f000000-7f0f9000 rwxp 00000000 00:00 0 
7f0f9000-7f100000 ---p 00000000 00:00 0 
7f100000-7f1f9000 rwxp 00000000 00:00 0 
7f1f9000-7f200000 ---p 00000000 00:00 0 
7f200000-7f2f9000 rwxp 00000000 00:00 0 
7f2f9000-7f300000 ---p 00000000 00:00 0 
7f300000-7f3f9000 rwxp 00000000 00:00 0 
7f3f9000-7f400000 ---p 00000000 00:00 0 
7f400000-7f4f9000 rwxp 00000000 00:00 0 
7f4f9000-7f500000 ---p 00000000 00:00 0 
7f500000-7f5f9000 rwxp 00000000 00:00 0 
7f5f9000-7f600000 ---p 00000000 00:00 0 
7f600000-7f6f9000 rwxp 00000000 00:00 0 
7f6f9000-7f700000 ---p 00000000 00:00 0 
7f700000-7f7f9000 rwxp 00000000 00:00 0 
7f7f9000-7f800000 ---p 00000000 00:00 0 
7f800000-7f8f9000 rwxp 00000000 00:00 0 
7f8f9000-7f900000 ---p 00000000 00:00 0 
7f900000-7f9f9000 rwxp 00000000 00:00 0 
7f9f9000-7fa00000 ---p 00000000 00:00 0 
7fa00000-7faf9000 rwxp 00000000 00:00 0 
7faf9000-7fb00000 ---p 00000000 00:00 0 
7fb00000-7fbf9000 rwxp 00000000 00:00 0 
7fbf9000-7fc00000 ---p 00000000 00:00 0 
7fc00000-7fcf9000 rwxp 00000000 00:00 0 
7fcf9000-7fd00000 ---p 00000000 00:00 0 
7fd00000-7fdf9000 rwxp 00000000 00:00 0 
7fdf9000-7fe00000 ---p 00000000 00:00 0 
7fe00000-7fef9000 rwxp 00000000 00:00 0 
7fef9000-7ff00000 ---p 00000000 00:00 0 
7ff00000-7fff9000 rwxp 00000000 00:00 0 
7fff9000-80000000 ---p 00000000 00:00 0 
80000000-800f9000 rwxp 00000000 00:00 0 
800f9000-80100000 ---p 00000000 00:00 0 
80100000-801f9000 rwxp 00000000 00:00 0 
801f9000-80200000 ---p 00000000 00:00 0 
80200000-802f9000 rwxp 00000000 00:00 0 
802f9000-80300000 ---p 00000000 00:00 0 
80300000-803f9000 rwxp 00000000 00:00 0 
803f9000-80400000 ---p 00000000 00:00 0 
80400000-804f9000 rwxp 00000000 00:00 0 
804f9000-80500000 ---p 00000000 00:00 0 
80500000-805f9000 rwxp 00000000 00:00 0 
805f9000-80600000 ---p 00000000 00:00 0 
80600000-806f9000 rwxp 00000000 00:00 0 
806f9000-80700000 ---p 00000000 00:00 0 
80700000-807f9000 rwxp 00000000 00:00 0 
807f9000-80800000 ---p 00000000 00:00 0 
80800000-808f9000 rwxp 00000000 00:00 0 
808f9000-80900000 ---p 00000000 00:00 0 
80900000-809f9000 rwxp 00000000 00:00 0 
809f9000-80a00000 ---p 00000000 00:00 0 
80a00000-80af9000 rwxp 00000000 00:00 0 
80af9000-80b00000 ---p 00000000 00:00 0 
80b00000-80bf9000 rwxp 00000000 00:00 0 
80bf9000-80c00000 ---p 00000000 00:00 0 
80c00000-80cf9000 rwxp 00000000 00:00 0 
80cf9000-80d00000 ---p 00000000 00:00 0 
80d00000-80df9000 rwxp 00000000 00:00 0 
80df9000-80e00000 ---p 00000000 00:00 0 
80e00000-80ef9000 rwxp 00000000 00:00 0 
80ef9000-80f00000 ---p 00000000 00:00 0 
80f00000-80ff9000 rwxp 00000000 00:00 0 
80ff9000-81000000 ---p 00000000 00:00 0 
81000000-810f9000 rwxp 00000000 00:00 0 
810f9000-81100000 ---p 00000000 00:00 0 
81100000-811f9000 rwxp 00000000 00:00 0 
811f9000-81200000 ---p 00000000 00:00 0 
81200000-812f9000 rwxp 00000000 00:00 0 
812f9000-81300000 ---p 00000000 00:00 0 
81300000-813f9000 rwxp 00000000 00:00 0 
813f9000-81400000 ---p 00000000 00:00 0 
81400000-814f9000 rwxp 00000000 00:00 0 
814f9000-81500000 ---p 00000000 00:00 0 
81500000-815f9000 rwxp 00000000 00:00 0 
815f9000-81600000 ---p 00000000 00:00 0 
81600000-816f9000 rwxp 00000000 00:00 0 
816f9000-81700000 ---p 00000000 00:00 0 
81700000-817f9000 rwxp 00000000 00:00 0 
817f9000-81800000 ---p 00000000 00:00 0 
81800000-818f9000 rwxp 00000000 00:00 0 
818f9000-81900000 ---p 00000000 00:00 0 
81900000-819f9000 rwxp 00000000 00:00 0 
819f9000-81a00000 ---p 00000000 00:00 0 
81a00000-81af9000 rwxp 00000000 00:00 0 
81af9000-81b00000 ---p 00000000 00:00 0 
81b00000-81bf9000 rwxp 00000000 00:00 0 
81bf9000-81c00000 ---p 00000000 00:00 0 
81c00000-81cf9000 rwxp 00000000 00:00 0 
81cf9000-81d00000 ---p 00000000 00:00 0 
81d00000-81df9000 rwxp 00000000 00:00 0 
81df9000-81e00000 ---p 00000000 00:00 0 
81e00000-81ef9000 rwxp 00000000 00:00 0 
81ef9000-81f00000 ---p 00000000 00:00 0 
81f00000-81ff9000 rwxp 00000000 00:00 0 
81ff9000-82000000 ---p 00000000 00:00 0 
82000000-820f9000 rwxp 00000000 00:00 0 
820f9000-82100000 ---p 00000000 00:00 0 
82100000-821f9000 rwxp 00000000 00:00 0 
821f9000-82200000 ---p 00000000 00:00 0 
82200000-822f9000 rwxp 00000000 00:00 0 
822f9000-82300000 ---p 00000000 00:00 0 
82300000-823f9000 rwxp 00000000 00:00 0 
823f9000-82400000 ---p 00000000 00:00 0 
82400000-824f9000 rwxp 00000000 00:00 0 
824f9000-82500000 ---p 00000000 00:00 0 
82500000-825f9000 rwxp 00000000 00:00 0 
825f9000-82600000 ---p 00000000 00:00 0 
82600000-82603000 r-xs 00027000 08:01 2755668    /home/uzzal/.m2/repository/org/codehaus/jackson/jackson-core-asl/1.5.3/jackson-core-asl-1.5.3.jar
82603000-82606000 r-xs 0001f000 08:01 2753001    /home/uzzal/.m2/repository/nu/validator/htmlparser/htmlparser/1.0.5/htmlparser-1.0.5.jar
82606000-8260c000 r-xs 00045000 08:01 3014994    /home/uzzal/.m2/repository/commons-httpclient/commons-httpclient/3.1/commons-httpclient-3.1.jar
8260c000-8260e000 r-xs 0000d000 08:01 2755513    /home/uzzal/.m2/repository/org/apache/abdera/abdera-client/1.0/abdera-client-1.0.jar
8260e000-82610000 r-xs 00005000 08:01 2755453    /home/uzzal/.m2/repository/org/apache/abdera/abdera-extensions-main/1.0/abdera-extensions-main-1.0.jar
82610000-82612000 r-xs 0000e000 08:01 2752963    /home/uzzal/.m2/repository/javax/activation/activation/1.1/activation-1.1.jar
82612000-82618000 r-xs 00059000 08:01 2752980    /home/uzzal/.m2/repository/javax/mail/mail/1.4/mail-1.4.jar
82618000-8261c000 r-xs 00023000 08:01 2755448    /home/uzzal/.m2/repository/org/apache/abdera/abdera-server/1.0/abdera-server-1.0.jar
8261c000-8261e000 r-xs 00005000 08:01 2755442    /home/uzzal/.m2/repository/org/apache/abdera/abdera-extensions-json/1.0/abdera-extensions-json-1.0.jar
8261e000-82625000 r-xs 00079000 08:01 2755520    /home/uzzal/.m2/repository/org/codehaus/woodstox/wstx-asl/3.2.6/wstx-asl-3.2.6.jar
82625000-82627000 r-xs 00006000 08:01 2754106    /home/uzzal/.m2/repository/org/apache/geronimo/specs/geronimo-stax-api_1.0_spec/1.0.1/geronimo-stax-api_1.0_spec-1.0.1.jar
82627000-8262f000 r-xs 00028000 08:01 2753752    /home/uzzal/.m2/repository/xml-apis/xml-apis/1.3.02/xml-apis-1.3.02.jar
8262f000-82643000 r-xs 000e3000 08:01 2752964    /home/uzzal/.m2/repository/xerces/xercesImpl/2.6.2/xercesImpl-2.6.2.jar
82643000-82649000 r-xs 00032000 08:01 2752981    /home/uzzal/.m2/repository/jaxen/jaxen/1.1.1/jaxen-1.1.1.jar
82649000-8264d000 r-xs 0001f000 08:01 2752958    /home/uzzal/.m2/repository/org/apache/ws/commons/axiom/axiom-api/1.2.5/axiom-api-1.2.5.jar
8264d000-82650000 r-xs 0001a000 08:01 2752979    /home/uzzal/.m2/repository/org/apache/ws/commons/axiom/axiom-impl/1.2.5/axiom-impl-1.2.5.jar
82650000-82652000 r-xs 0000a000 08:01 2752992    /home/uzzal/.m2/repository/commons-codec/commons-codec/1.3/commons-codec-1.3.jar
82652000-82654000 r-xs 00007000 08:01 2752973    /home/uzzal/.m2/repository/org/apache/geronimo/specs/geronimo-activation_1.0.2_spec/1.1/geronimo-activation_1.0.2_spec-1.1.jar
82654000-82659000 r-xs 00091000 08:01 2755414    /home/uzzal/.m2/repository/org/apache/abdera/abdera-i18n/1.0/abdera-i18n-1.0.jar
82659000-8265d000 r-xs 00023000 08:01 2755410    /home/uzzal/.m2/repository/org/apache/abdera/abdera-core/1.0/abdera-core-1.0.jar
8265d000-82669000 r-xs 00069000 08:01 3015072    /home/uzzal/.m2/repository/org/springframework/spring-context/2.5.6/spring-context-2.5.6.jar
82669000-8266c000 ---p 00000000 00:00 0 
8266c000-826ba000 rwxp 00000000 00:00 0 
826ba000-826f7000 r-xs 00294000 08:01 3015196    /home/uzzal/.m2/repository/org/springframework/spring/2.5.6/spring-2.5.6.jar
826f7000-82700000 r-xs 0005b000 08:01 2755327    /home/uzzal/.m2/repository/com/sun/jersey/jersey-core/1.3/jersey-core-1.3.jar
82700000-827f9000 rwxp 00000000 00:00 0 
827f9000-82800000 ---p 00000000 00:00 0 
82800000-828f9000 rwxp 00000000 00:00 0 
828f9000-82900000 ---p 00000000 00:00 0 
82900000-829f9000 rwxp 00000000 00:00 0 
829f9000-82a00000 ---p 00000000 00:00 0 
82a00000-82af9000 rwxp 00000000 00:00 0 
82af9000-82b00000 ---p 00000000 00:00 0 
82b00000-82bf9000 rwxp 00000000 00:00 0 
82bf9000-82c00000 ---p 00000000 00:00 0 
82c00000-82cf9000 rwxp 00000000 00:00 0 
82cf9000-82d00000 ---p 00000000 00:00 0 
82d00000-82df9000 rwxp 00000000 00:00 0 
82df9000-82e00000 ---p 00000000 00:00 0 
82e00000-82ef9000 rwxp 00000000 00:00 0 
82ef9000-82f00000 ---p 00000000 00:00 0 
82f00000-82ff9000 rwxp 00000000 00:00 0 
82ff9000-83000000 ---p 00000000 00:00 0 
83000000-830f9000 rwxp 00000000 00:00 0 
830f9000-83100000 ---p 00000000 00:00 0 
83100000-831f9000 rwxp 00000000 00:00 0 
831f9000-83200000 ---p 00000000 00:00 0 
83200000-832f9000 rwxp 00000000 00:00 0 
832f9000-83300000 ---p 00000000 00:00 0 
83300000-833fa000 rwxp 00000000 00:00 0 
833fa000-83400000 ---p 00000000 00:00 0 
83400000-834f9000 rwxp 00000000 00:00 0 
834f9000-83500000 ---p 00000000 00:00 0 
83500000-836f9000 rwxp 00000000 00:00 0 
836f9000-83700000 ---p 00000000 00:00 0 
83700000-837f2000 rwxp 00000000 00:00 0 
837f2000-83800000 ---p 00000000 00:00 0 
83800000-83900000 rwxp 00000000 00:00 0 
83900000-839e1000 rwxp 00000000 00:00 0 
839e1000-83a00000 ---p 00000000 00:00 0 
83a00000-83ae7000 rwxp 00000000 00:00 0 
83ae7000-83b00000 ---p 00000000 00:00 0 
83b00000-83bf1000 rwxp 00000000 00:00 0 
83bf1000-83c00000 ---p 00000000 00:00 0 
83c00000-83c03000 r-xs 00020000 08:01 2755333    /home/uzzal/.m2/repository/org/apache/abdera/abdera-parser/1.0/abdera-parser-1.0.jar
83c03000-83c05000 r-xs 00003000 08:01 2755313    /home/uzzal/.m2/repository/com/sun/jersey/contribs/jersey-atom-abdera/1.3/jersey-atom-abdera-1.3.jar
83c05000-83c07000 r-xs 0000a000 08:01 2752955    /home/uzzal/.m2/repository/javax/ws/rs/jsr311-api/1.1.1/jsr311-api-1.1.1.jar
83c07000-83c09000 r-xs 00000000 08:01 2626506    /home/uzzal/.m2/repository/aopalliance/aopalliance/1.0/aopalliance-1.0.jar
83c09000-83c0f000 r-xs 00040000 08:01 3014935    /home/uzzal/.m2/repository/org/springframework/spring-core/2.5.6/spring-core-2.5.6.jar
83c0f000-83c35000 r-xs 00240000 08:01 2626660    /home/uzzal/.m2/repository/org/apache/derby/derby/10.5.3.0_1/derby-10.5.3.0_1.jar
83c35000-83c36000 r-xs 00003000 08:01 2755517    /home/uzzal/.m2/repository/org/apache/abdera/abdera-extensions-html/1.0/abdera-extensions-html-1.0.jar
83c36000-83c38000 r-xs 0000d000 08:01 2755948    /home/uzzal/.m2/repository/commons-logging/commons-logging/1.1.1/commons-logging-1.1.1.jar
83c38000-83c42000 r-xs 0006e000 08:01 3014919    /home/uzzal/.m2/repository/org/springframework/spring-beans/2.5.6/spring-beans-2.5.6.jar
83c42000-83c47000 r-xs 00040000 08:01 2755328    /home/uzzal/.m2/repository/commons-lang/commons-lang/2.5/commons-lang-2.5.jar
83c47000-83c49000 r-xs 00003000 08:01 3015069    /home/uzzal/.m2/repository/com/smartitengineering/smart-util/smart-bean-util/0.2-SNAPSHOT/smart-bean-util-0.2-SNAPSHOT.jar
83c49000-83c4e000 r-xs 00018000 08:01 2626669    /home/uzzal/.m2/repository/org/aspectj/aspectjrt/1.6.6/aspectjrt-1.6.6.jar
83c4e000-83c53000 r-xs 0002b000 08:01 3015289    /home/uzzal/.m2/repository/org/springframework/spring-web/2.5.6/spring-web-2.5.6.jar
83c53000-83c54000 r-xs 00003000 08:01 3015286    /home/uzzal/.m2/repository/com/sun/jersey/contribs/jersey-spring/1.3/jersey-spring-1.3.jar
83c54000-83c57000 r-xs 0000e000 08:01 3015238    /home/uzzal/.m2/repository/org/springframework/security/spring-security-acl/2.0.5.RELEASE/spring-security-acl-2.0.5.RELEASE.jar
83c57000-83c5a000 r-xs 0001a000 08:01 3014784    /home/uzzal/.m2/repository/org/springframework/spring-support/2.0.8/spring-support-2.0.8.jar
83c5a000-83c63000 r-xs 00043000 08:01 3015232    /home/uzzal/.m2/repository/org/springframework/spring-aop/2.0.8/spring-aop-2.0.8.jar
83c63000-83c74000 r-xs 000ab000 08:01 3015233    /home/uzzal/.m2/repository/org/springframework/security/spring-security-core/2.0.5.RELEASE/spring-security-core-2.0.5.RELEASE.jar
83c74000-83c76000 r-xs 00005000 08:01 3014851    /home/uzzal/.m2/repository/com/smartitengineering/smart-user/smart-user-security/0.2-SNAPSHOT/smart-user-security-0.2-SNAPSHOT.jar
83c76000-83c84000 r-xs 0007f000 08:01 2626673    /home/uzzal/.m2/repository/commons-collections/commons-collections/3.2.1/commons-collections-3.2.1.jar
83c84000-83c8b000 r-xs 00066000 08:01 2626665    /home/uzzal/.m2/repository/org/opensymphony/quartz/quartz/1.6.1/quartz-1.6.1.jar
83c8b000-83ca0000 r-xs 00172000 08:01 2626661    /home/uzzal/.m2/repository/org/aspectj/aspectjweaver/1.6.6/aspectjweaver-1.6.6.jar
83ca0000-83caf000 r-xs 0008a000 08:01 2752959    /home/uzzal/.m2/repository/com/sun/jersey/jersey-server/1.3/jersey-server-1.3.jar
83caf000-83cb2000 ---p 00000000 00:00 0 
83cb2000-83d00000 rwxp 00000000 00:00 0 
83d00000-83efa000 rwxp 00000000 00:00 0 
83efa000-83f00000 ---p 00000000 00:00 0 
83f00000-84100000 rwxp 00000000 00:00 0 
84100000-841f6000 rwxp 00000000 00:00 0 
841f6000-84200000 ---p 00000000 00:00 0 
84200000-84300000 rwxp 00000000 00:00 0 
84300000-843fb000 rwxp 00000000 00:00 0 
843fb000-84400000 ---p 00000000 00:00 0 
84400000-84402000 r-xs 00012000 08:01 3014698    /home/uzzal/.m2/repository/com/smartitengineering/smart-user/smart-user-resource/0.2-SNAPSHOT/smart-user-resource-0.2-SNAPSHOT.jar
84402000-84408000 r-xs 000ab000 08:01 2626687    /home/uzzal/.m2/repository/mysql/mysql-connector-java/5.1.9/mysql-connector-java-5.1.9.jar
84408000-84409000 r-xs 00001000 08:01 2755317    /home/uzzal/.m2/repository/com/smartitengineering/smart-util/smart-bean-spring-util/0.2-SNAPSHOT/smart-bean-spring-util-0.2-SNAPSHOT.jar
84409000-8440b000 r-xs 00001000 08:01 3015064    /home/uzzal/.m2/repository/com/smartitengineering/smart-domain/0.4-SNAPSHOT/smart-domain-0.4-SNAPSHOT.jar
8440b000-8440d000 r-xs 00007000 08:01 3015146    /home/uzzal/.m2/repository/com/smartitengineering/smart-user/smart-user-api/0.2-SNAPSHOT/smart-user-api-0.2-SNAPSHOT.jar
8440d000-8440e000 rwxp 00000000 00:00 0 
8440e000-84410000 ---p 00000000 00:00 0 
84410000-8445e000 rwxp 00000000 00:00 0 
8445e000-84461000 ---p 00000000 00:00 0 
84461000-844af000 rwxp 00000000 00:00 0 
844af000-844b2000 ---p 00000000 00:00 0 
844b2000-84500000 rwxp 00000000 00:00 0 
84500000-845fc000 rwxp 00000000 00:00 0 
845fc000-84600000 ---p 00000000 00:00 0 
84600000-84602000 r-xs 0000e000 08:01 3015261    /home/uzzal/.m2/repository/com/smartitengineering/smart-user/smart-user-impl/0.2-SNAPSHOT/smart-user-impl-0.2-SNAPSHOT.jar
84602000-8460b000 r-xs 00058000 08:01 2754766    /home/uzzal/.m2/repository/taglibs/standard/1.1.2/standard-1.1.2.jar
8460b000-84615000 r-xs 0005c000 08:01 3017754    /home/uzzal/.m2/repository/javax/servlet/jstl/1.2/jstl-1.2.jar
84615000-84618000 ---p 00000000 00:00 0 
84618000-84666000 rwxp 00000000 00:00 0 
84666000-84669000 ---p 00000000 00:00 0 
84669000-846b7000 rwxp 00000000 00:00 0 
846b7000-846ba000 ---p 00000000 00:00 0 
846ba000-84708000 rwxp 00000000 00:00 0 
84708000-8470b000 ---p 00000000 00:00 0 
8470b000-84759000 rwxp 00000000 00:00 0 
84759000-8475b000 r-xs 00004000 08:01 3018898    /home/uzzal/.m2/repository/org/eclipse/jetty/jetty-websocket/7.1.5.v20100705/jetty-websocket-7.1.5.v20100705.jar
8475b000-8475d000 r-xs 00009000 08:01 3018895    /home/uzzal/.m2/repository/org/eclipse/jetty/jetty-start/7.1.5.v20100705/jetty-start-7.1.5.v20100705.jar
8475d000-8475e000 r-xs 0000a000 08:01 2755669    /home/uzzal/.m2/repository/asm/asm/3.1/asm-3.1.jar
8475e000-84760000 r-xs 00004000 08:01 3018849    /home/uzzal/.m2/repository/asm/asm-tree/3.1/asm-tree-3.1.jar
84760000-84761000 r-xs 00007000 08:01 3018832    /home/uzzal/.m2/repository/asm/asm-commons/3.1/asm-commons-3.1.jar
84761000-84763000 r-xs 00002000 08:01 3018846    /home/uzzal/.m2/repository/org/apache/geronimo/specs/geronimo-annotation_1.0_spec/1.1.1/geronimo-annotation_1.0_spec-1.1.1.jar
84763000-84765000 r-xs 0000a000 08:01 3018892    /home/uzzal/.m2/repository/org/eclipse/jetty/jetty-annotations/7.1.5.v20100705/jetty-annotations-7.1.5.v20100705.jar
84765000-84767000 r-xs 00000000 08:01 3018889    /home/uzzal/.m2/repository/org/eclipse/jetty/jetty-jsp-2.1/7.1.5.v20100705/jetty-jsp-2.1-7.1.5.v20100705.jar
84767000-84776000 r-xs 000ee000 08:01 3018833    /home/uzzal/.m2/repository/ant/ant/1.6.5/ant-1.6.5.jar
84776000-8477a000 r-xs 0001d000 08:01 3018852    /home/uzzal/.m2/repository/org/mortbay/jetty/jsp-api-2.1-glassfish/2.1.v20100127/jsp-api-2.1-glassfish-2.1.v20100127.jar
8477a000-84788000 r-xs 0018b000 08:01 3018828    /home/uzzal/.m2/repository/org/eclipse/jdt/core/compiler/ecj/3.5.1/ecj-3.5.1.jar
84788000-84799000 r-xs 000ea000 08:01 3018823    /home/uzzal/.m2/repository/org/mortbay/jetty/jsp-2.1-glassfish/2.1.v20100127/jsp-2.1-glassfish-2.1.v20100127.jar
84799000-8479b000 r-xs 00007000 08:01 3018886    /home/uzzal/.m2/repository/org/eclipse/jetty/jetty-jmx/7.1.5.v20100705/jetty-jmx-7.1.5.v20100705.jar
8479b000-847a2000 r-xs 00067000 08:01 3018831    /home/uzzal/.m2/repository/javax/mail/mail/1.4.1/mail-1.4.1.jar
847a2000-847a4000 r-xs 00006000 08:01 3018883    /home/uzzal/.m2/repository/org/eclipse/jetty/jetty-jndi/7.1.5.v20100705/jetty-jndi-7.1.5.v20100705.jar
847a4000-847a6000 r-xs 00010000 08:01 3018880    /home/uzzal/.m2/repository/org/eclipse/jetty/jetty-plus/7.1.5.v20100705/jetty-plus-7.1.5.v20100705.jar
847a6000-847a9000 r-xs 0001f000 08:01 2490519    /home/uzzal/.m2/repository/jtidy/jtidy/4aug2000r7-dev/jtidy-4aug2000r7-dev.jar
847a9000-847ab000 r-xs 0000c000 08:01 3018838    /home/uzzal/.m2/repository/org/apache/maven/plugin-tools/maven-plugin-tools-api/2.5.1/maven-plugin-tools-api-2.5.1.jar
847ab000-847ad000 r-xs 00011000 08:01 3018877    /home/uzzal/.m2/repository/org/eclipse/jetty/jetty-io/7.1.5.v20100705/jetty-io-7.1.5.v20100705.jar
847ad000-847af000 r-xs 00017000 08:01 3018874    /home/uzzal/.m2/repository/org/eclipse/jetty/jetty-http/7.1.5.v20100705/jetty-http-7.1.5.v20100705.jar
847af000-847b2000 ---p 00000000 00:00 0 
847b2000-84800000 rwxp 00000000 00:00 0 
84800000-848fb000 rwxp 00000000 00:00 0 
848fb000-84900000 ---p 00000000 00:00 0 
84900000-84901000 r-xs 00003000 08:01 3018827    /home/uzzal/.m2/repository/org/apache/geronimo/specs/geronimo-jta_1.1_spec/1.1.1/geronimo-jta_1.1_spec-1.1.1.jar
84901000-84902000 r-xs 00004000 08:01 3018871    /home/uzzal/.m2/repository/org/eclipse/jetty/jetty-continuation/7.1.5.v20100705/jetty-continuation-7.1.5.v20100705.jar
84902000-84904000 r-xs 00018000 08:01 2755324    /home/uzzal/.m2/repository/javax/servlet/servlet-api/2.5/servlet-api-2.5.jar
84904000-84909000 r-xs 0003d000 08:01 3018868    /home/uzzal/.m2/repository/org/eclipse/jetty/jetty-server/7.1.5.v20100705/jetty-server-7.1.5.v20100705.jar
84909000-8490c000 r-xs 0000e000 08:01 3018865    /home/uzzal/.m2/repository/org/eclipse/jetty/jetty-security/7.1.5.v20100705/jetty-security-7.1.5.v20100705.jar
8490c000-8490d000 r-xs 0000f000 08:01 3018862    /home/uzzal/.m2/repository/org/eclipse/jetty/jetty-servlet/7.1.5.v20100705/jetty-servlet-7.1.5.v20100705.jar
8490d000-84910000 ---p 00000000 00:00 0 
84910000-8495e000 rwxp 00000000 00:00 0 
8495e000-84961000 ---p 00000000 00:00 0 
84961000-849af000 rwxp 00000000 00:00 0 
849af000-849b2000 ---p 00000000 00:00 0 
849b2000-84a00000 rwxp 00000000 00:00 0 
84a00000-84aef000 rwxp 00000000 00:00 0 
84aef000-84b00000 ---p 00000000 00:00 0 
84b00000-84b04000 r-xs 0002b000 08:01 3018853    /home/uzzal/.m2/repository/org/eclipse/jetty/jetty-util/7.1.5.v20100705/jetty-util-7.1.5.v20100705.jar
84b04000-84b05000 r-xs 00006000 08:01 3018843    /home/uzzal/.m2/repository/org/eclipse/jetty/jetty-xml/7.1.5.v20100705/jetty-xml-7.1.5.v20100705.jar
84b05000-84b07000 r-xs 0000e000 08:01 3018824    /home/uzzal/.m2/repository/org/eclipse/jetty/jetty-webapp/7.1.5.v20100705/jetty-webapp-7.1.5.v20100705.jar
84b07000-84b08000 r-xs 00003000 08:01 2754727    /home/uzzal/.m2/repository/org/codehaus/plexus/plexus-compiler-javac/1.5.3/plexus-compiler-javac-1.5.3.jar
84b08000-84b0a000 r-xs 00000000 08:01 2754724    /home/uzzal/.m2/repository/org/codehaus/plexus/plexus-compiler-manager/1.5.3/plexus-compiler-manager-1.5.3.jar
84b0a000-84b0b000 r-xs 00004000 08:01 2754721    /home/uzzal/.m2/repository/org/codehaus/plexus/plexus-compiler-api/1.5.3/plexus-compiler-api-1.5.3.jar
84b0b000-84b0d000 r-xs 00026000 08:01 2754716    /home/uzzal/.m2/repository/org/codehaus/plexus/plexus-utils/1.0.4/plexus-utils-1.0.4.jar
84b0d000-84b0f000 r-xs 0000b000 08:01 2754662    /home/uzzal/.m2/repository/org/codehaus/plexus/plexus-interpolation/1.6/plexus-interpolation-1.6.jar
84b0f000-84b11000 r-xs 00007000 08:01 2754657    /home/uzzal/.m2/repository/org/apache/maven/shared/maven-filtering/1.0-beta-2/maven-filtering-1.0-beta-2.jar
84b11000-84b16000 r-xs 00039000 08:01 2754656    /home/uzzal/.m2/repository/org/codehaus/plexus/plexus-utils/1.5.6/plexus-utils-1.5.6.jar
84b16000-84b18000 r-xs 00004000 08:01 2754561    /home/uzzal/.m2/repository/org/apache/maven/plugins/maven-resources-plugin/2.3/maven-resources-plugin-2.3.jar
84b18000-84b1b000 r-xs 00027000 08:01 2497447    /home/uzzal/.m2/repository/org/codehaus/plexus/plexus-utils/1.1/plexus-utils-1.1.jar
84b1b000-84b20000 r-xs 0002c000 08:01 2755819    /home/uzzal/.m2/repository/commons-net/commons-net/2.0/commons-net-2.0.jar
84b20000-84b24000 r-xs 0002b000 08:01 2755408    /home/uzzal/.m2/repository/org/codehaus/plexus/plexus-utils/1.4.1/plexus-utils-1.4.1.jar
84b24000-84b27000 ---p 00000000 00:00 0 
84b27000-84b75000 rwxp 00000000 00:00 0 
84b75000-84bb0000 r-xs 002c7000 08:01 1316092    /opt/apache-maven-2.2.1/lib/maven-2.2.1-uber.jar
84bb0000-84bb1000 ---p 00000000 00:00 0 
84bb1000-84c31000 rwxp 00000000 00:00 0 
84c31000-84c34000 ---p 00000000 00:00 0 
84c34000-84c82000 rwxp 00000000 00:00 0 
84c82000-84c85000 ---p 00000000 00:00 0 
84c85000-84d03000 rwxp 00000000 00:00 0 
84d03000-84d06000 ---p 00000000 00:00 0 
84d06000-84d84000 rwxp 00000000 00:00 0 
84d84000-84d87000 ---p 00000000 00:00 0 
84d87000-84dd5000 rwxp 00000000 00:00 0 
84dd5000-84e14000 r-xp 00000000 08:01 1581113    /usr/lib/locale/en_US.utf8/LC_CTYPE
84e14000-84e17000 ---p 00000000 00:00 0 
84e17000-84e65000 rwxp 00000000 00:00 0 
84e65000-84e68000 ---p 00000000 00:00 0 
84e68000-84eb6000 rwxp 00000000 00:00 0 
84eb6000-84eb7000 ---p 00000000 00:00 0 
84eb7000-84f6a000 rwxp 00000000 00:00 0 
84f6a000-85100000 r-xs 02fd0000 08:01 1310723    /opt/jdk1.6.0_20/jre/lib/rt.jar
85100000-851fd000 rwxp 00000000 00:00 0 
851fd000-85200000 ---p 00000000 00:00 0 
85200000-85201000 r-xs 00003000 08:01 2754263    /home/uzzal/.m2/repository/org/apache/maven/wagon/wagon-ftp/1.0-beta-6/wagon-ftp-1.0-beta-6.jar
85201000-85205000 r-xs 00038000 08:01 2755338    /home/uzzal/.m2/repository/ch/ethz/ganymed/ganymed-ssh2/build210/ganymed-ssh2-build210.jar
85205000-85214000 r-xs 0011c000 08:01 2755335    /home/uzzal/.m2/repository/org/jvnet/hudson/svnkit/svnkit/1.1.4-hudson-4/svnkit-1.1.4-hudson-4.jar
85214000-85215000 r-xs 00004000 08:01 2754216    /home/uzzal/.m2/repository/org/jvnet/wagon-svn/wagon-svn/1.9/wagon-svn-1.9.jar
85215000-85217000 r-xs 0000c000 08:01 3015250    /home/uzzal/.m2/repository/org/mortbay/jetty/jetty-maven-plugin/7.1.5.v20100705/jetty-maven-plugin-7.1.5.v20100705.jar
85217000-85219000 r-xs 00011000 08:01 2754549    /home/uzzal/.m2/repository/org/apache/maven/plugins/maven-war-plugin/2.1-beta-1/maven-war-plugin-2.1-beta-1.jar
85219000-8521a000 ---p 00000000 00:00 0 
8521a000-8529a000 rwxp 00000000 00:00 0 
8529a000-8529b000 ---p 00000000 00:00 0 
8529b000-8531b000 rwxp 00000000 00:00 0 
8531b000-8531c000 ---p 00000000 00:00 0 
8531c000-8539c000 rwxp 00000000 00:00 0 
8539c000-8539d000 ---p 00000000 00:00 0 
8539d000-85430000 rwxp 00000000 00:00 0 
85430000-8543d000 rwxp 00000000 00:00 0 
8543d000-8546c000 rwxp 00000000 00:00 0 
8546c000-8551e000 rwxp 00000000 00:00 0 
8551e000-85531000 rwxp 00000000 00:00 0 
85531000-8553e000 rwxp 00000000 00:00 0 
8553e000-8556d000 rwxp 00000000 00:00 0 
8556d000-8561e000 rwxp 00000000 00:00 0 
8561e000-85624000 rwxp 00000000 00:00 0 
85624000-8568f000 ---p 00000000 00:00 0 
8568f000-87b50000 rwxp 00000000 00:00 0 
87b50000-89690000 rwxp 00000000 00:00 0 
89690000-8f370000 rwxp 00000000 00:00 0 
8f370000-a57f0000 rwxp 00000000 00:00 0 
a57f0000-a6240000 rwxp 00000000 00:00 0 
a6240000-b3890000 ---p 00000000 00:00 0 
b3890000-b3892000 r-xs 00007000 08:01 3014817    /home/uzzal/.m2/repository/org/apache/maven/plugins/maven-surefire-plugin/2.5/maven-surefire-plugin-2.5.jar
b3892000-b3894000 r-xs 00030000 08:01 2624596    /home/uzzal/.m2/repository/org/apache/maven/plugins/maven-javadoc-plugin/2.6/maven-javadoc-plugin-2.6.jar
b3894000-b3895000 r-xs 00005000 08:01 2624585    /home/uzzal/.m2/repository/org/apache/maven/plugins/maven-source-plugin/2.1.2/maven-source-plugin-2.1.2.jar
b3895000-b38a1000 rwxp 00000000 00:00 0 
b38a1000-b3955000 rwxp 00000000 00:00 0 
b3955000-b3c45000 rwxp 00000000 00:00 0 
b3c45000-b6955000 rwxp 00000000 00:00 0 
b6955000-b6964000 r-xp 00000000 08:01 1310769    /opt/jdk1.6.0_20/jre/lib/i386/libzip.so
b6964000-b6966000 rwxp 0000e000 08:01 1310769    /opt/jdk1.6.0_20/jre/lib/i386/libzip.so
b6966000-b6970000 r-xp 00000000 08:01 1055272    /lib/tls/i686/cmov/libnss_files-2.11.1.so
b6970000-b6971000 r-xp 00009000 08:01 1055272    /lib/tls/i686/cmov/libnss_files-2.11.1.so
b6971000-b6972000 rwxp 0000a000 08:01 1055272    /lib/tls/i686/cmov/libnss_files-2.11.1.so
b6972000-b697a000 r-xp 00000000 08:01 1055274    /lib/tls/i686/cmov/libnss_nis-2.11.1.so
b697a000-b697b000 r-xp 00007000 08:01 1055274    /lib/tls/i686/cmov/libnss_nis-2.11.1.so
b697b000-b697c000 rwxp 00008000 08:01 1055274    /lib/tls/i686/cmov/libnss_nis-2.11.1.so
b697c000-b697d000 r-xs 00004000 08:01 2754529    /home/uzzal/.m2/repository/org/apache/maven/plugins/maven-compiler-plugin/2.0.2/maven-compiler-plugin-2.0.2.jar
b697d000-b6984000 r-xs 00000000 08:01 1594780    /usr/lib/gconv/gconv-modules.cache
b6984000-b698c000 rwxs 00000000 08:01 1052673    /tmp/hsperfdata_uzzal/2055
b698c000-b699f000 r-xp 00000000 08:01 1055266    /lib/tls/i686/cmov/libnsl-2.11.1.so
b699f000-b69a0000 r-xp 00012000 08:01 1055266    /lib/tls/i686/cmov/libnsl-2.11.1.so
b69a0000-b69a1000 rwxp 00013000 08:01 1055266    /lib/tls/i686/cmov/libnsl-2.11.1.so
b69a1000-b69a3000 rwxp 00000000 00:00 0 
b69a3000-b69a4000 r-xp 00000000 00:00 0 
b69a4000-b69aa000 r-xp 00000000 08:01 1055270    /lib/tls/i686/cmov/libnss_compat-2.11.1.so
b69aa000-b69ab000 r-xp 00006000 08:01 1055270    /lib/tls/i686/cmov/libnss_compat-2.11.1.so
b69ab000-b69ac000 rwxp 00007000 08:01 1055270    /lib/tls/i686/cmov/libnss_compat-2.11.1.so
b69ac000-b69b2000 r-xp 00000000 08:01 1310751    /opt/jdk1.6.0_20/jre/lib/i386/native_threads/libhpi.so
b69b2000-b69b3000 rwxp 00006000 08:01 1310751    /opt/jdk1.6.0_20/jre/lib/i386/native_threads/libhpi.so
b69b3000-b69d6000 r-xp 00000000 08:01 1310765    /opt/jdk1.6.0_20/jre/lib/i386/libjava.so
b69d6000-b69d8000 rwxp 00023000 08:01 1310765    /opt/jdk1.6.0_20/jre/lib/i386/libjava.so
b69d8000-b69df000 r-xp 00000000 08:01 1055279    /lib/tls/i686/cmov/librt-2.11.1.so
b69df000-b69e0000 r-xp 00006000 08:01 1055279    /lib/tls/i686/cmov/librt-2.11.1.so
b69e0000-b69e1000 rwxp 00007000 08:01 1055279    /lib/tls/i686/cmov/librt-2.11.1.so
b69e1000-b69e4000 ---p 00000000 00:00 0 
b69e4000-b6a32000 rwxp 00000000 00:00 0 
b6a32000-b6a56000 r-xp 00000000 08:01 1055251    /lib/tls/i686/cmov/libm-2.11.1.so
b6a56000-b6a57000 r-xp 00023000 08:01 1055251    /lib/tls/i686/cmov/libm-2.11.1.so
b6a57000-b6a58000 rwxp 00024000 08:01 1055251    /lib/tls/i686/cmov/libm-2.11.1.so
b6a58000-b7164000 r-xp 00000000 08:01 1310753    /opt/jdk1.6.0_20/jre/lib/i386/server/libjvm.so
b7164000-b71b5000 rwxp 0070b000 08:01 1310753    /opt/jdk1.6.0_20/jre/lib/i386/server/libjvm.so
b71b5000-b75d4000 rwxp 00000000 00:00 0 
b75d4000-b7727000 r-xp 00000000 08:01 1054370    /lib/tls/i686/cmov/libc-2.11.1.so
b7727000-b7728000 ---p 00153000 08:01 1054370    /lib/tls/i686/cmov/libc-2.11.1.so
b7728000-b772a000 r-xp 00153000 08:01 1054370    /lib/tls/i686/cmov/libc-2.11.1.so
b772a000-b772b000 rwxp 00155000 08:01 1054370    /lib/tls/i686/cmov/libc-2.11.1.so
b772b000-b772e000 rwxp 00000000 00:00 0 
b772e000-b7730000 r-xp 00000000 08:01 1054512    /lib/tls/i686/cmov/libdl-2.11.1.so
b7730000-b7731000 r-xp 00001000 08:01 1054512    /lib/tls/i686/cmov/libdl-2.11.1.so
b7731000-b7732000 rwxp 00002000 08:01 1054512    /lib/tls/i686/cmov/libdl-2.11.1.so
b7732000-b7739000 r-xp 00000000 08:01 1310767    /opt/jdk1.6.0_20/jre/lib/i386/jli/libjli.so
b7739000-b773b000 rwxp 00006000 08:01 1310767    /opt/jdk1.6.0_20/jre/lib/i386/jli/libjli.so
b773b000-b773c000 rwxp 00000000 00:00 0 
b773c000-b7751000 r-xp 00000000 08:01 1055277    /lib/tls/i686/cmov/libpthread-2.11.1.so
b7751000-b7752000 r-xp 00014000 08:01 1055277    /lib/tls/i686/cmov/libpthread-2.11.1.so
b7752000-b7753000 rwxp 00015000 08:01 1055277    /lib/tls/i686/cmov/libpthread-2.11.1.so
b7753000-b7755000 rwxp 00000000 00:00 0 
b7755000-b7757000 r-xs 00008000 08:01 1316079    /opt/apache-maven-2.2.1/boot/classworlds-1.1.jar
b7757000-b7758000 rwxp 00000000 00:00 0 
b7758000-b7759000 r-xp 00000000 00:00 0 
b7759000-b7764000 r-xp 00000000 08:01 1310764    /opt/jdk1.6.0_20/jre/lib/i386/libverify.so
b7764000-b7765000 rwxp 0000b000 08:01 1310764    /opt/jdk1.6.0_20/jre/lib/i386/libverify.so
b7765000-b7767000 rwxp 00000000 00:00 0 
b7767000-b7768000 r-xp 00000000 00:00 0          [vdso]
b7768000-b7783000 r-xp 00000000 08:01 1052904    /lib/ld-2.11.1.so
b7783000-b7784000 r-xp 0001a000 08:01 1052904    /lib/ld-2.11.1.so
b7784000-b7785000 rwxp 0001b000 08:01 1052904    /lib/ld-2.11.1.so
bfc03000-bfc18000 rwxp 00000000 00:00 0          [stack]

VM Arguments:
jvm_args: -Dclassworlds.conf=/opt/maven/bin/m2.conf -Dmaven.home=/opt/maven 
java_command: org.codehaus.classworlds.Launcher "jetty:run"
Launcher Type: SUN_STANDARD

Environment Variables:
JAVA_HOME=/opt/java6
PATH=/opt/java6/bin:/opt/ant/bin:/opt/maven/bin:/usr/local/sbin:/usr/local/bin:/usr/sbin:/usr/bin:/sbin:/bin:/usr/games"usr/local/sbin:/usr/local/bin:/usr/sbin:/usr/bin:/sbin:/bin:/usr/games
USERNAME=uzzal
LD_LIBRARY_PATH=/opt/jdk1.6.0_20/jre/lib/i386/server:/opt/jdk1.6.0_20/jre/lib/i386:/opt/jdk1.6.0_20/jre/../lib/i386
SHELL=/bin/bash
DISPLAY=:0.0

Signal Handlers:
SIGSEGV: [libjvm.so+0x68d5c0], sa_mask[0]=0x7ffbfeff, sa_flags=0x10000004
SIGBUS: [libjvm.so+0x68d5c0], sa_mask[0]=0x7ffbfeff, sa_flags=0x10000004
SIGFPE: [libjvm.so+0x55cb30], sa_mask[0]=0x7ffbfeff, sa_flags=0x10000004
SIGPIPE: [libjvm.so+0x55cb30], sa_mask[0]=0x7ffbfeff, sa_flags=0x10000004
SIGXFSZ: [libjvm.so+0x55cb30], sa_mask[0]=0x7ffbfeff, sa_flags=0x10000004
SIGILL: [libjvm.so+0x55cb30], sa_mask[0]=0x7ffbfeff, sa_flags=0x10000004
SIGUSR1: SIG_DFL, sa_mask[0]=0x00000000, sa_flags=0x00000000
SIGUSR2: [libjvm.so+0x55f770], sa_mask[0]=0x00000000, sa_flags=0x10000004
SIGHUP: [libjvm.so+0x55f4a0], sa_mask[0]=0x7ffbfeff, sa_flags=0x10000004
SIGINT: [libjvm.so+0x55f4a0], sa_mask[0]=0x7ffbfeff, sa_flags=0x10000004
SIGTERM: [libjvm.so+0x55f4a0], sa_mask[0]=0x7ffbfeff, sa_flags=0x10000004
SIGQUIT: [libjvm.so+0x55f4a0], sa_mask[0]=0x7ffbfeff, sa_flags=0x10000004


---------------  S Y S T E M  ---------------

OS:squeeze/sid

uname:Linux 2.6.32-24-generic #38-Ubuntu SMP Mon Jul 5 09:22:14 UTC 2010 i686
libc:glibc 2.11.1 NPTL 2.11.1 
rlimit: STACK 8192k, CORE 0k, NPROC infinity, NOFILE 1024, AS infinity
load average:1.44 0.71 0.37

CPU:total 4 (8 cores per cpu, 2 threads per core) family 6 model 37 stepping 2, cmov, cx8, fxsr, mmx, sse, sse2, sse3, ssse3, sse4.1, sse4.2, popcnt, ht

Memory: 4k page, physical 2753736k(602340k free), swap 7811064k(7807608k free)

vm_info: Java HotSpot(TM) Server VM (16.3-b01) for linux-x86 JRE (1.6.0_20-b02), built on Apr 12 2010 13:58:11 by "java_re" with gcc 3.2.1-7a (J2SE release)

time: Tue Aug 10 14:13:35 2010
elapsed time: 9932 seconds

